Step: build-step-credential-initializer:

{"level":"warn","ts":1551967162.5361905,"logger":"fallback-logger","caller":"logging/config.go:65","msg":"Fetch GitHub commit ID from kodata failed: \"ref: refs/heads/test\" is not a valid GitHub commit ID"}
{"level":"info","ts":1551967162.5369668,"logger":"fallback-logger","caller":"creds-init/main.go:40","msg":"Credentials initialized."}
Step: build-step-git-source-0:

{"level":"warn","ts":1551967163.266597,"logger":"fallback-logger","caller":"logging/config.go:65","msg":"Fetch GitHub commit ID from kodata failed: \"ref: refs/heads/test\" is not a valid GitHub commit ID"}
{"level":"info","ts":1551967164.6943984,"logger":"fallback-logger","caller":"git-init/main.go:92","msg":"Successfully cloned \"https://github.com/Woap/croc-hunter-jenkinsx-serverless.git\" @ \"master\" in path \"/workspace\""}
Step: build-step-jenkins:

Picked up _JAVA_OPTIONS: -Xmx400m
Started
Running in Durability level: PERFORMANCE_OPTIMIZED
  14.670 [id=34]	WARNING	i.f.k.c.i.VersionUsageUtils#alert: The client is using resource type 'customresourcedefinitions' with unstable version 'v1beta1'
[Pipeline] node
Running on Jenkins in /tmp/jenkinsTests.tmp/jenkins5041558570229599952test/workspace/job
[Pipeline] {
[Pipeline] stage
[Pipeline] { (Declarative: Checkout SCM)
[Pipeline] checkout
[Pipeline] }
[Pipeline] // stage
[Pipeline] withCredentials
[Pipeline] {
[Pipeline] withEnv
[Pipeline] {
[Pipeline] stage
[Pipeline] { (CI Build and push snapshot)
Stage "CI Build and push snapshot" skipped due to when conditional
[Pipeline] }
[Pipeline] // stage
[Pipeline] stage
[Pipeline] { (Build Release)
[Pipeline] dir
Running in /home/jenkins/go/src/github.com/carlossg/croc-hunter-jenkinsx-serverless
[Pipeline] {
[Pipeline] checkout
[Pipeline] }
[Pipeline] // dir
[Pipeline] dir
Running in /home/jenkins/go/src/github.com/carlossg/croc-hunter-jenkinsx-serverless/charts/croc-hunter-jenkinsx
[Pipeline] {
[Pipeline] sh
+ git config --global credential.helper store
[Pipeline] sh
+ jx step validate --min-jx-version 1.1.73
[Pipeline] sh
+ jx step git credentials
Generated Git credentials file /home/jenkins/git/credentials
[Pipeline] }
[Pipeline] // dir
[Pipeline] dir
Running in /home/jenkins/go/src/github.com/carlossg/croc-hunter-jenkinsx-serverless
[Pipeline] {
[Pipeline] sh
+ jx-release-version
+ echo 0.0.132
[Pipeline] }
[Pipeline] // dir
[Pipeline] dir
Running in /home/jenkins/go/src/github.com/carlossg/croc-hunter-jenkinsx-serverless/charts/croc-hunter-jenkinsx
[Pipeline] {
[Pipeline] sh
+ make tag
sed -i -e "s/version:.*/version: 0.0.132/" Chart.yaml
sed -i -e "s|repository: .*|repository: 10.19.242.223:5000\/carlossg\/croc-hunter-jenkinsx|" values.yaml
sed -i -e "s/tag: .*/tag: 0.0.132/" values.yaml
git add --all
git commit -m "release 0.0.132" --allow-empty # if first release then no verion update is performed
[master e396732] release 0.0.132
 5 files changed, 10 insertions(+), 3 deletions(-)
 create mode 100644 VERSION
 create mode 100644 charts/croc-hunter-jenkinsx@tmp/durable-85509598/jenkins-log.txt
 create mode 100644 charts/croc-hunter-jenkinsx@tmp/durable-85509598/script.sh
git tag -fa v0.0.132 -m "Release version 0.0.132"
git push origin v0.0.132
To https://github.com/Woap/croc-hunter-jenkinsx-serverless.git
 * [new tag]         v0.0.132 -> v0.0.132
[Pipeline] }
[Pipeline] // dir
[Pipeline] dir
Running in /home/jenkins/go/src/github.com/carlossg/croc-hunter-jenkinsx-serverless
[Pipeline] {
[Pipeline] sh
+ cat VERSION
+ make VERSION=0.0.132 GIT_COMMIT= build
cp skaffold.yaml skaffold.yaml.new
sed -i -e "s/{{.VERSION}}/0.0.132/" skaffold.yaml.new
sed -i -e "s/{{.GIT_COMMIT}}//" skaffold.yaml.new
CGO_ENABLED=0 GO15VENDOREXPERIMENT=1 go build -ldflags '' -o bin/croc-hunter-jenkinsx croc-hunter.go
[Pipeline] sh
+ cat VERSION
+ export VERSION=0.0.132
+ skaffold build -f skaffold.yaml.new
time="2019-03-07T14:00:02Z" level=warning msg="config version (skaffold/v1beta1) out of date: upgrading to latest (skaffold/v1beta3)"
Starting build...
Building [changeme]...
Sending build context to Docker daemon  525.8kBSending build context to Docker daemon   6.99MB
Step 1/10 : FROM scratch
 ---> 
Step 2/10 : ARG GIT_SHA
 ---> Running in 56fd11a392c6
 ---> 4dcdeb8153f0
Step 3/10 : ARG WORKFLOW_RELEASE
 ---> Running in 74b242d0865e
 ---> eff201aac8f3
Step 4/10 : ENV GIT_SHA $GIT_SHA
 ---> Running in db57e5cd9e50
 ---> b1a9a272f13e
Step 5/10 : ENV WORKFLOW_RELEASE $WORKFLOW_RELEASE
 ---> Running in fc09db5f292f
 ---> 385cfe3db8b6
Step 6/10 : ENV POWERED_BY Jenkins-X
 ---> Running in c7ddf7a0a0ee
 ---> d8f376ff0acb
Step 7/10 : EXPOSE 8080
 ---> Running in 400aa5b05d07
 ---> 61e493186a95
Step 8/10 : ENTRYPOINT /croc-hunter-jenkinsx
 ---> Running in 6deb63706d92
 ---> 92e82af12271
Step 9/10 : COPY ./bin/ /
 ---> c3e4a68e531f
Step 10/10 : COPY static/ static/
 ---> 96e5a1618011
Successfully built 96e5a1618011
The push refers to a repository [10.19.242.223:5000/carlossg/croc-hunter-jenkinsx]
7a94a6370bcd: Preparing
c9abe50686f3: Preparing
7a94a6370bcd: Pushed
c9abe50686f3: Pushed
0.0.132: digest: sha256:4e4bccf3bcb447812c56ca09304598f0c8c350b2fb1b8a393c1233f6cfe864f1 size: 738
Build complete in 2.14493441s
Starting test...
Test complete in 7.426µs
changeme -> 10.19.242.223:5000/carlossg/croc-hunter-jenkinsx:0.0.132
[Pipeline] sh
+ jx step validate --min-jx-version 1.2.36
[Pipeline] sh
+ cat VERSION
+ jx step post build --image 10.19.242.223:5000/carlossg/croc-hunter-jenkinsx:0.0.132
[Pipeline] }
[Pipeline] // dir
[Pipeline] }
[Pipeline] // stage
[Pipeline] stage
[Pipeline] { (Promote to Environments)
[Pipeline] dir
Running in /home/jenkins/go/src/github.com/carlossg/croc-hunter-jenkinsx-serverless/charts/croc-hunter-jenkinsx
[Pipeline] {
[Pipeline] sh
+ cat ../../VERSION
+ jx step changelog --version v0.0.132 --generate-yaml=false
Using batch mode as inside a pipeline
Converted /home/jenkins/go/src/github.com/carlossg/croc-hunter-jenkinsx-serverless/charts/croc-hunter-jenkinsx to an unshallow repository
Generating change log from git ref 51a0a350140860edbbd2fecdfcfb5c92d9ca88cc => e3967324e5b210b2aae816e317169c27cbe4ace0
Failed to enrich commits with issues: User.jenkins.io "" is invalid: metadata.name: Required value: name or generateName is required
Failed to enrich commits with issues: User.jenkins.io "" is invalid: metadata.name: Required value: name or generateName is required
Finding issues in commit messages using git format
Failed to find issue 44 for repository https://github.com/Woap/croc-hunter-jenkinsx-serverless
No release found for Woap/croc-hunter-jenkinsx-serverless and tag v0.0.132 so creating a new release
Updated the release information at https://github.com/Woap/croc-hunter-jenkinsx-serverless/releases/tag/v0.0.132
Created Release croc-hunter-jenkinsx-serverless-0-0-132 resource in namespace jx
Updating PipelineActivity woap-croc-hunter-jenkinsx-serverless-master-1 with version 0.0.132
Updated PipelineActivities woap-croc-hunter-jenkinsx-serverless-master-1 with release notes URL: https://github.com/Woap/croc-hunter-jenkinsx-serverless/releases/tag/v0.0.132
[Pipeline] sh
+ make release
rm -rf charts
rm -rf croc-hunter-jenkinsx*.tgz
helm dependency build
No requirements found in ./charts.
helm lint
==> Linting .
Lint OK

1 chart(s) linted, no failures
helm init --client-only
Creating /builder/home/.helm 
Creating /builder/home/.helm/repository 
Creating /builder/home/.helm/repository/cache 
Creating /builder/home/.helm/repository/local 
Creating /builder/home/.helm/plugins 
Creating /builder/home/.helm/starters 
Creating /builder/home/.helm/cache/archive 
Creating /builder/home/.helm/repository/repositories.yaml 
Adding stable repo with URL: https://kubernetes-charts.storage.googleapis.com 
Adding local repo with URL: http://127.0.0.1:8879/charts 
$HELM_HOME has been configured at /builder/home/.helm.
Not installing Tiller due to 'client-only' flag having been set
Happy Helming!
helm package .
Successfully packaged chart and saved it to: /home/jenkins/go/src/github.com/carlossg/croc-hunter-jenkinsx-serverless/charts/croc-hunter-jenkinsx/croc-hunter-jenkinsx-0.0.132.tgz
curl --fail -u **** --data-binary "@croc-hunter-jenkinsx-0.0.132.tgz" http://jenkins-x-chartmuseum:8080/api/charts
  % Total    % Received % Xferd  Average Speed   Time    Time     Time  Current
                                 Dload  Upload   Total   Spent    Left  Speed
  0     0    0     0    0     0      0      0 --:--:-- --:--:-- --:--:--     0100  3159  100    14  100  3145   1826   400k --:--:-- --:--:-- --:--:--  438k
{"saved":true}rm -rf croc-hunter-jenkinsx*.tgz%
[Pipeline] sh
+ cat ../../VERSION
+ jx promote -b --all-auto --timeout 1h --version 0.0.132 --no-wait
prow based install so skip waiting for the merge of Pull Requests to go green as currently there is an issue with gettingstatuses from the PR, see https://github.com/jenkins-x/jx/issues/2410
Promoting app croc-hunter-jenkinsx version 0.0.132 to namespace jx-staging
Created Pull Request: https://github.com/Woap/environment-howlerglacier-staging/pull/4

Pull Request https://github.com/Woap/environment-howlerglacier-staging/pull/4 is merged at sha cf9a6f66b61199d4993c381c62ce32eee583532e
[Pipeline] }
[Pipeline] // dir
[Pipeline] }
[Pipeline] // stage
[Pipeline] }
[Pipeline] // withEnv
[Pipeline] }
[Pipeline] // withCredentials
[Pipeline] }
[Pipeline] // node
[Pipeline] End of Pipeline
Finished: SUCCESS
