Step: build-step-credential-initializer:

{"level":"warn","ts":1551970099.2453022,"logger":"fallback-logger","caller":"logging/config.go:65","msg":"Fetch GitHub commit ID from kodata failed: \"ref: refs/heads/test\" is not a valid GitHub commit ID"}
{"level":"info","ts":1551970099.2457929,"logger":"fallback-logger","caller":"creds-init/main.go:40","msg":"Credentials initialized."}
Step: build-step-git-source-0:

{"level":"warn","ts":1551970100.5623915,"logger":"fallback-logger","caller":"logging/config.go:65","msg":"Fetch GitHub commit ID from kodata failed: \"ref: refs/heads/test\" is not a valid GitHub commit ID"}
{"level":"info","ts":1551970102.0255585,"logger":"fallback-logger","caller":"git-init/main.go:92","msg":"Successfully cloned \"https://github.com/Woap/croc-hunter-jenkinsx-serverless.git\" @ \"71d496b7ff4ce5addf58db5ac8b87d8f63a06083\" in path \"/workspace\""}
Step: build-step-jenkins:

Picked up _JAVA_OPTIONS: -Xmx400m
Started
Running in Durability level: PERFORMANCE_OPTIMIZED
  15.801 [id=30]	WARNING	i.f.k.c.i.VersionUsageUtils#alert: The client is using resource type 'customresourcedefinitions' with unstable version 'v1beta1'
[Pipeline] node
Running on Jenkins in /tmp/jenkinsTests.tmp/jenkins6138077510325317552test/workspace/job
[Pipeline] {
[Pipeline] stage
[Pipeline] { (Declarative: Checkout SCM)
[Pipeline] checkout
[Pipeline] }
[Pipeline] // stage
[Pipeline] withCredentials
[Pipeline] {
[Pipeline] withEnv
[Pipeline] {
[Pipeline] stage
[Pipeline] { (CI Build and push snapshot)
Stage "CI Build and push snapshot" skipped due to when conditional
[Pipeline] }
[Pipeline] // stage
[Pipeline] stage
[Pipeline] { (Build Release)
[Pipeline] dir
Running in /home/jenkins/go/src/github.com/carlossg/croc-hunter-jenkinsx-serverless
[Pipeline] {
[Pipeline] checkout
[Pipeline] }
[Pipeline] // dir
[Pipeline] dir
Running in /home/jenkins/go/src/github.com/carlossg/croc-hunter-jenkinsx-serverless/charts/croc-hunter-jenkinsx
[Pipeline] {
[Pipeline] sh
+ git config --global credential.helper store
[Pipeline] sh
+ jx step validate --min-jx-version 1.1.73
[Pipeline] sh
+ jx step git credentials
Generated Git credentials file /home/jenkins/git/credentials
[Pipeline] }
[Pipeline] // dir
[Pipeline] dir
Running in /home/jenkins/go/src/github.com/carlossg/croc-hunter-jenkinsx-serverless
[Pipeline] {
[Pipeline] sh
+ jx-release-version
+ echo 0.0.134
[Pipeline] }
[Pipeline] // dir
[Pipeline] dir
Running in /home/jenkins/go/src/github.com/carlossg/croc-hunter-jenkinsx-serverless/charts/croc-hunter-jenkinsx
[Pipeline] {
[Pipeline] sh
+ make tag
sed -i -e "s/version:.*/version: 0.0.134/" Chart.yaml
sed -i -e "s|repository: .*|repository: 10.19.242.223:5000\/carlossg\/croc-hunter-jenkinsx|" values.yaml
sed -i -e "s/tag: .*/tag: 0.0.134/" values.yaml
git add --all
git commit -m "release 0.0.134" --allow-empty # if first release then no verion update is performed
[master 0379af6] release 0.0.134
 5 files changed, 10 insertions(+), 3 deletions(-)
 create mode 100644 VERSION
 create mode 100644 charts/croc-hunter-jenkinsx@tmp/durable-60fd5598/jenkins-log.txt
 create mode 100644 charts/croc-hunter-jenkinsx@tmp/durable-60fd5598/script.sh
git tag -fa v0.0.134 -m "Release version 0.0.134"
git push origin v0.0.134
To https://github.com/Woap/croc-hunter-jenkinsx-serverless.git
 * [new tag]         v0.0.134 -> v0.0.134
[Pipeline] }
[Pipeline] // dir
[Pipeline] dir
Running in /home/jenkins/go/src/github.com/carlossg/croc-hunter-jenkinsx-serverless
[Pipeline] {
[Pipeline] sh
+ cat VERSION
+ make VERSION=0.0.134 GIT_COMMIT=71d496b7ff4ce5addf58db5ac8b87d8f63a06083 build
cp skaffold.yaml skaffold.yaml.new
sed -i -e "s/{{.VERSION}}/0.0.134/" skaffold.yaml.new
sed -i -e "s/{{.GIT_COMMIT}}/71d496b7ff4ce5addf58db5ac8b87d8f63a06083/" skaffold.yaml.new
CGO_ENABLED=0 GO15VENDOREXPERIMENT=1 go build -ldflags '' -o bin/croc-hunter-jenkinsx croc-hunter.go
[Pipeline] sh
+ cat VERSION
+ export VERSION=0.0.134
+ skaffold build -f skaffold.yaml.new
time="2019-03-07T14:49:01Z" level=warning msg="config version (skaffold/v1beta1) out of date: upgrading to latest (skaffold/v1beta3)"
Starting build...
Building [changeme]...
Sending build context to Docker daemon  525.8kBSending build context to Docker daemon   6.99MB
Step 1/10 : FROM scratch
 ---> 
Step 2/10 : ARG GIT_SHA
 ---> Using cache
 ---> 4dcdeb8153f0
Step 3/10 : ARG WORKFLOW_RELEASE
 ---> Using cache
 ---> eff201aac8f3
Step 4/10 : ENV GIT_SHA $GIT_SHA
 ---> Running in db8c999b0d06
 ---> f258e8f5e1f6
Step 5/10 : ENV WORKFLOW_RELEASE $WORKFLOW_RELEASE
 ---> Running in 2cf17498e123
 ---> 0b964bbab6bb
Step 6/10 : ENV POWERED_BY Jenkins-X
 ---> Running in 88d6d1485960
 ---> 56da63e3d41c
Step 7/10 : EXPOSE 8080
 ---> Running in 5145b695594a
 ---> 93fd2f0d93d3
Step 8/10 : ENTRYPOINT /croc-hunter-jenkinsx
 ---> Running in fb433bc91727
 ---> e5c42c4819c1
Step 9/10 : COPY ./bin/ /
 ---> c70318d32e6c
Step 10/10 : COPY static/ static/
 ---> fbab4f2ae083
Successfully built fbab4f2ae083
The push refers to a repository [10.19.242.223:5000/carlossg/croc-hunter-jenkinsx]
3a652b971316: Preparing
a916014b1a96: Preparing
3a652b971316: Pushed
a916014b1a96: Pushed
0.0.134: digest: sha256:ad23b637da0b152dc51f120fd3fa4d7a38379ff08b66cfabe85d2fa6ac51db9e size: 738
Build complete in 2.065562935s
Starting test...
Test complete in 6.712µs
changeme -> 10.19.242.223:5000/carlossg/croc-hunter-jenkinsx:0.0.134
[Pipeline] sh
+ jx step validate --min-jx-version 1.2.36
[Pipeline] sh
+ cat VERSION
+ jx step post build --image 10.19.242.223:5000/carlossg/croc-hunter-jenkinsx:0.0.134
[Pipeline] }
[Pipeline] // dir
[Pipeline] }
[Pipeline] // stage
[Pipeline] stage
[Pipeline] { (Promote to Environments)
[Pipeline] dir
Running in /home/jenkins/go/src/github.com/carlossg/croc-hunter-jenkinsx-serverless/charts/croc-hunter-jenkinsx
[Pipeline] {
[Pipeline] sh
+ cat ../../VERSION
+ jx step changelog --version v0.0.134 --generate-yaml=false
Using batch mode as inside a pipeline
Converted /home/jenkins/go/src/github.com/carlossg/croc-hunter-jenkinsx-serverless/charts/croc-hunter-jenkinsx to an unshallow repository
Generating change log from git ref 71d496b7ff4ce5addf58db5ac8b87d8f63a06083 => 0379af632244ab2e1c030ba7b034c75afa21d0b1
Failed to enrich commits with issues: User.jenkins.io "" is invalid: metadata.name: Required value: name or generateName is required
Failed to enrich commits with issues: User.jenkins.io "" is invalid: metadata.name: Required value: name or generateName is required
Finding issues in commit messages using git format
No release found for Woap/croc-hunter-jenkinsx-serverless and tag v0.0.134 so creating a new release
Updated the release information at https://github.com/Woap/croc-hunter-jenkinsx-serverless/releases/tag/v0.0.134
Created Release croc-hunter-jenkinsx-serverless-0-0-134 resource in namespace jx
Updating PipelineActivity woap-croc-hunter-jenkinsx-serverless-master-3 with version 0.0.134
Updated PipelineActivities woap-croc-hunter-jenkinsx-serverless-master-3 with release notes URL: https://github.com/Woap/croc-hunter-jenkinsx-serverless/releases/tag/v0.0.134
[Pipeline] sh
+ make release
rm -rf charts
rm -rf croc-hunter-jenkinsx*.tgz
helm dependency build
No requirements found in ./charts.
helm lint
==> Linting .
Lint OK

1 chart(s) linted, no failures
helm init --client-only
Creating /builder/home/.helm 
Creating /builder/home/.helm/repository 
Creating /builder/home/.helm/repository/cache 
Creating /builder/home/.helm/repository/local 
Creating /builder/home/.helm/plugins 
Creating /builder/home/.helm/starters 
Creating /builder/home/.helm/cache/archive 
Creating /builder/home/.helm/repository/repositories.yaml 
Adding stable repo with URL: https://kubernetes-charts.storage.googleapis.com 
Adding local repo with URL: http://127.0.0.1:8879/charts 
$HELM_HOME has been configured at /builder/home/.helm.
Not installing Tiller due to 'client-only' flag having been set
Happy Helming!
helm package .
Successfully packaged chart and saved it to: /home/jenkins/go/src/github.com/carlossg/croc-hunter-jenkinsx-serverless/charts/croc-hunter-jenkinsx/croc-hunter-jenkinsx-0.0.134.tgz
curl --fail -u **** --data-binary "@croc-hunter-jenkinsx-0.0.134.tgz" http://jenkins-x-chartmuseum:8080/api/charts
  % Total    % Received % Xferd  Average Speed   Time    Time     Time  Current
                                 Dload  Upload   Total   Spent    Left  Speed
  0     0    0     0    0     0      0      0 --:--:-- --:--:-- --:--:--     0100  3159  100    14  100  3145    269  60594 --:--:-- --:--:-- --:--:-- 61666
{"saved":true}rm -rf croc-hunter-jenkinsx*.tgz%
[Pipeline] sh
+ cat ../../VERSION
+ jx promote -b --all-auto --timeout 1h --version 0.0.134 --no-wait
prow based install so skip waiting for the merge of Pull Requests to go green as currently there is an issue with gettingstatuses from the PR, see https://github.com/jenkins-x/jx/issues/2410
Promoting app croc-hunter-jenkinsx version 0.0.134 to namespace jx-staging
Created Pull Request: https://github.com/Woap/environment-howlerglacier-staging/pull/6

Pull Request https://github.com/Woap/environment-howlerglacier-staging/pull/6 is merged at sha 961ccbaa37bb50f72ba481ebf807a37af26bd721
[Pipeline] }
[Pipeline] // dir
[Pipeline] }
[Pipeline] // stage
[Pipeline] }
[Pipeline] // withEnv
[Pipeline] }
[Pipeline] // withCredentials
[Pipeline] }
[Pipeline] // node
[Pipeline] End of Pipeline
