Step: build-step-credential-initializer:

{"level":"warn","ts":1551971039.3094342,"logger":"fallback-logger","caller":"logging/config.go:65","msg":"Fetch GitHub commit ID from kodata failed: \"ref: refs/heads/test\" is not a valid GitHub commit ID"}
{"level":"info","ts":1551971039.309854,"logger":"fallback-logger","caller":"creds-init/main.go:40","msg":"Credentials initialized."}
Step: build-step-git-source-0:

{"level":"warn","ts":1551971040.870914,"logger":"fallback-logger","caller":"logging/config.go:65","msg":"Fetch GitHub commit ID from kodata failed: \"ref: refs/heads/test\" is not a valid GitHub commit ID"}
{"level":"info","ts":1551971043.7695432,"logger":"fallback-logger","caller":"git-init/main.go:92","msg":"Successfully cloned \"https://github.com/Woap/croc-hunter-jenkinsx-serverless.git\" @ \"b721173d09075d5f3d464167c57b7f27472161ec\" in path \"/workspace\""}
Step: build-step-jenkins:

Picked up _JAVA_OPTIONS: -Xmx400m
Started
Running in Durability level: PERFORMANCE_OPTIMIZED
  19.567 [id=39]	WARNING	i.f.k.c.i.VersionUsageUtils#alert: The client is using resource type 'customresourcedefinitions' with unstable version 'v1beta1'
[Pipeline] node
Running on Jenkins in /tmp/jenkinsTests.tmp/jenkins2984401721558178916test/workspace/job
[Pipeline] {
[Pipeline] stage
[Pipeline] { (Declarative: Checkout SCM)
[Pipeline] checkout
[Pipeline] }
[Pipeline] // stage
[Pipeline] withCredentials
[Pipeline] {
[Pipeline] withEnv
[Pipeline] {
[Pipeline] stage
[Pipeline] { (CI Build and push snapshot)
Stage "CI Build and push snapshot" skipped due to when conditional
[Pipeline] }
[Pipeline] // stage
[Pipeline] stage
[Pipeline] { (Build Release)
[Pipeline] dir
Running in /home/jenkins/go/src/github.com/carlossg/croc-hunter-jenkinsx-serverless
[Pipeline] {
[Pipeline] checkout
[Pipeline] }
[Pipeline] // dir
[Pipeline] dir
Running in /home/jenkins/go/src/github.com/carlossg/croc-hunter-jenkinsx-serverless/charts/croc-hunter-jenkinsx
[Pipeline] {
[Pipeline] sh
+ git config --global credential.helper store
[Pipeline] sh
+ jx step validate --min-jx-version 1.1.73
[Pipeline] sh
+ jx step git credentials
Generated Git credentials file /home/jenkins/git/credentials
[Pipeline] }
[Pipeline] // dir
[Pipeline] dir
Running in /home/jenkins/go/src/github.com/carlossg/croc-hunter-jenkinsx-serverless
[Pipeline] {
[Pipeline] sh
+ jx-release-version
+ echo 0.0.136
[Pipeline] }
[Pipeline] // dir
[Pipeline] dir
Running in /home/jenkins/go/src/github.com/carlossg/croc-hunter-jenkinsx-serverless/charts/croc-hunter-jenkinsx
[Pipeline] {
[Pipeline] sh
+ make tag
sed -i -e "s/version:.*/version: 0.0.136/" Chart.yaml
sed -i -e "s|repository: .*|repository: 10.19.242.223:5000\/carlossg\/croc-hunter-jenkinsx|" values.yaml
sed -i -e "s/tag: .*/tag: 0.0.136/" values.yaml
git add --all
git commit -m "release 0.0.136" --allow-empty # if first release then no verion update is performed
[master 7f2f5bc] release 0.0.136
 5 files changed, 10 insertions(+), 3 deletions(-)
 create mode 100644 VERSION
 create mode 100644 charts/croc-hunter-jenkinsx@tmp/durable-d834f7d5/jenkins-log.txt
 create mode 100644 charts/croc-hunter-jenkinsx@tmp/durable-d834f7d5/script.sh
git tag -fa v0.0.136 -m "Release version 0.0.136"
git push origin v0.0.136
To https://github.com/Woap/croc-hunter-jenkinsx-serverless.git
 * [new tag]         v0.0.136 -> v0.0.136
[Pipeline] }
[Pipeline] // dir
[Pipeline] dir
Running in /home/jenkins/go/src/github.com/carlossg/croc-hunter-jenkinsx-serverless
[Pipeline] {
[Pipeline] sh
+ cat VERSION
+ make VERSION=0.0.136 GIT_COMMIT=b721173d09075d5f3d464167c57b7f27472161ec build
cp skaffold.yaml skaffold.yaml.new
sed -i -e "s/{{.VERSION}}/0.0.136/" skaffold.yaml.new
sed -i -e "s/{{.GIT_COMMIT}}/b721173d09075d5f3d464167c57b7f27472161ec/" skaffold.yaml.new
CGO_ENABLED=0 GO15VENDOREXPERIMENT=1 go build -ldflags '' -o bin/croc-hunter-jenkinsx croc-hunter.go
[Pipeline] sh
+ cat VERSION
+ export VERSION=0.0.136
+ skaffold build -f skaffold.yaml.new
time="2019-03-07T15:04:49Z" level=warning msg="config version (skaffold/v1beta1) out of date: upgrading to latest (skaffold/v1beta3)"
Starting build...
Building [changeme]...
Sending build context to Docker daemon  525.8kBSending build context to Docker daemon   6.99MB
Step 1/10 : FROM scratch
 ---> 
Step 2/10 : ARG GIT_SHA
 ---> Using cache
 ---> 4dcdeb8153f0
Step 3/10 : ARG WORKFLOW_RELEASE
 ---> Using cache
 ---> eff201aac8f3
Step 4/10 : ENV GIT_SHA $GIT_SHA
 ---> Running in ec97d2f55c78
 ---> 8e77a2a1b0f9
Step 5/10 : ENV WORKFLOW_RELEASE $WORKFLOW_RELEASE
 ---> Running in 36f20030de9c
 ---> 7890bdd6e35d
Step 6/10 : ENV POWERED_BY Jenkins-X
 ---> Running in ddfe8b5918ef
 ---> 0736c6d260e6
Step 7/10 : EXPOSE 8080
 ---> Running in 10fa909656e1
 ---> e558a91ab7f8
Step 8/10 : ENTRYPOINT /croc-hunter-jenkinsx
 ---> Running in 1747d59e1df3
 ---> 19630ed29e17
Step 9/10 : COPY ./bin/ /
 ---> 5017fb052f3a
Step 10/10 : COPY static/ static/
 ---> 12ea7c583889
Successfully built 12ea7c583889
The push refers to a repository [10.19.242.223:5000/carlossg/croc-hunter-jenkinsx]
767b5acddaa5: Preparing
e6ab9e2407d5: Preparing
767b5acddaa5: Pushed
e6ab9e2407d5: Pushed
0.0.136: digest: sha256:730578f2f3a2a80ed54bfea908c0b8d5ecb3c5df4855944f2493ac56bb7e1fd5 size: 738
Build complete in 2.12531653s
Starting test...
Test complete in 6.848µs
changeme -> 10.19.242.223:5000/carlossg/croc-hunter-jenkinsx:0.0.136
[Pipeline] sh
+ jx step validate --min-jx-version 1.2.36
[Pipeline] sh
+ cat VERSION
+ jx step post build --image 10.19.242.223:5000/carlossg/croc-hunter-jenkinsx:0.0.136
[Pipeline] }
[Pipeline] // dir
[Pipeline] }
[Pipeline] // stage
[Pipeline] stage
[Pipeline] { (Promote to Environments)
[Pipeline] dir
Running in /home/jenkins/go/src/github.com/carlossg/croc-hunter-jenkinsx-serverless/charts/croc-hunter-jenkinsx
[Pipeline] {
[Pipeline] sh
+ cat ../../VERSION
+ jx step changelog --version v0.0.136 --generate-yaml=false
Using batch mode as inside a pipeline
Converted /home/jenkins/go/src/github.com/carlossg/croc-hunter-jenkinsx-serverless/charts/croc-hunter-jenkinsx to an unshallow repository
Generating change log from git ref b721173d09075d5f3d464167c57b7f27472161ec => 7f2f5bc027efc2383d38eed070037032c77f985d
Failed to enrich commits with issues: User.jenkins.io "" is invalid: metadata.name: Required value: name or generateName is required
Failed to enrich commits with issues: User.jenkins.io "" is invalid: metadata.name: Required value: name or generateName is required
Finding issues in commit messages using git format
No release found for Woap/croc-hunter-jenkinsx-serverless and tag v0.0.136 so creating a new release
Updated the release information at https://github.com/Woap/croc-hunter-jenkinsx-serverless/releases/tag/v0.0.136
Created Release croc-hunter-jenkinsx-serverless-0-0-136 resource in namespace jx
Updating PipelineActivity woap-croc-hunter-jenkinsx-serverless-master-5 with version 0.0.136
Updated PipelineActivities woap-croc-hunter-jenkinsx-serverless-master-5 with release notes URL: https://github.com/Woap/croc-hunter-jenkinsx-serverless/releases/tag/v0.0.136
[Pipeline] sh
+ make release
rm -rf charts
rm -rf croc-hunter-jenkinsx*.tgz
helm dependency build
No requirements found in ./charts.
helm lint
==> Linting .
Lint OK

1 chart(s) linted, no failures
helm init --client-only
Creating /builder/home/.helm 
Creating /builder/home/.helm/repository 
Creating /builder/home/.helm/repository/cache 
Creating /builder/home/.helm/repository/local 
Creating /builder/home/.helm/plugins 
Creating /builder/home/.helm/starters 
Creating /builder/home/.helm/cache/archive 
Creating /builder/home/.helm/repository/repositories.yaml 
Adding stable repo with URL: https://kubernetes-charts.storage.googleapis.com 
Adding local repo with URL: http://127.0.0.1:8879/charts 
$HELM_HOME has been configured at /builder/home/.helm.
Not installing Tiller due to 'client-only' flag having been set
Happy Helming!
helm package .
Successfully packaged chart and saved it to: /home/jenkins/go/src/github.com/carlossg/croc-hunter-jenkinsx-serverless/charts/croc-hunter-jenkinsx/croc-hunter-jenkinsx-0.0.136.tgz
curl --fail -u **** --data-binary "@croc-hunter-jenkinsx-0.0.136.tgz" http://jenkins-x-chartmuseum:8080/api/charts
  % Total    % Received % Xferd  Average Speed   Time    Time     Time  Current
                                 Dload  Upload   Total   Spent    Left  Speed
  0     0    0     0    0     0      0      0 --:--:-- --:--:-- --:--:--     0100  3161  100    14  100  3147   2234   490k --:--:-- --:--:-- --:--:--  512k
{"saved":true}rm -rf croc-hunter-jenkinsx*.tgz%
[Pipeline] sh
+ cat ../../VERSION
+ jx promote -b --all-auto --timeout 1h --version 0.0.136 --no-wait
prow based install so skip waiting for the merge of Pull Requests to go green as currently there is an issue with gettingstatuses from the PR, see https://github.com/jenkins-x/jx/issues/2410
Promoting app croc-hunter-jenkinsx version 0.0.136 to namespace jx-staging
Created Pull Request: https://github.com/Woap/environment-howlerglacier-staging/pull/8

Failed to merge the Pull Request https://github.com/Woap/environment-howlerglacier-staging/pull/8 due to PUT https://api.github.com/repos/Woap/environment-howlerglacier-staging/pulls/8/merge: 405 Pull Request is not mergeable [] maybe I don't have karma?
Rebasing PullRequest due to conflict
Created Pull Request: https://github.com/Woap/environment-howlerglacier-staging/pull/9

Pull Request https://github.com/Woap/environment-howlerglacier-staging/pull/9 is merged at sha 32df88e17e35418f9c59840b12b4f13dbd73f416
[Pipeline] }
[Pipeline] // dir
[Pipeline] }
[Pipeline] // stage
[Pipeline] }
[Pipeline] // withEnv
[Pipeline] }
[Pipeline] // withCredentials
[Pipeline] }
[Pipeline] // node
[Pipeline] End of Pipeline
Finished: SUCCESS
