Step: build-step-credential-initializer:

{"level":"warn","ts":1551970311.9501715,"logger":"fallback-logger","caller":"logging/config.go:65","msg":"Fetch GitHub commit ID from kodata failed: \"ref: refs/heads/test\" is not a valid GitHub commit ID"}
{"level":"info","ts":1551970311.9506097,"logger":"fallback-logger","caller":"creds-init/main.go:40","msg":"Credentials initialized."}
Step: build-step-git-source-0:

{"level":"warn","ts":1551970312.5049162,"logger":"fallback-logger","caller":"logging/config.go:65","msg":"Fetch GitHub commit ID from kodata failed: \"ref: refs/heads/test\" is not a valid GitHub commit ID"}
{"level":"info","ts":1551970313.9253628,"logger":"fallback-logger","caller":"git-init/main.go:92","msg":"Successfully cloned \"https://github.com/Woap/croc-hunter-jenkinsx-serverless.git\" @ \"3a0401907027cb7be94084a343fad81a945e3002\" in path \"/workspace\""}
Step: build-step-jenkins:

Picked up _JAVA_OPTIONS: -Xmx400m
Started
Running in Durability level: PERFORMANCE_OPTIMIZED
  14.276 [id=30]	WARNING	i.f.k.c.i.VersionUsageUtils#alert: The client is using resource type 'customresourcedefinitions' with unstable version 'v1beta1'
[Pipeline] node
Running on Jenkins in /tmp/jenkinsTests.tmp/jenkins6636046673237686528test/workspace/job
[Pipeline] {
[Pipeline] stage
[Pipeline] { (Declarative: Checkout SCM)
[Pipeline] checkout
[Pipeline] }
[Pipeline] // stage
[Pipeline] withCredentials
[Pipeline] {
[Pipeline] withEnv
[Pipeline] {
[Pipeline] stage
[Pipeline] { (CI Build and push snapshot)
[Pipeline] withEnv
[Pipeline] {
[Pipeline] dir
Running in /home/jenkins/go/src/github.com/carlossg/croc-hunter-jenkinsx-serverless
[Pipeline] {
[Pipeline] checkout
[Pipeline] sh
+ make VERSION=0.0.0-SNAPSHOT-PR-3-1 GIT_COMMIT=3a0401907027cb7be94084a343fad81a945e3002 linux
cp skaffold.yaml skaffold.yaml.new
sed -i -e "s/{{.VERSION}}/0.0.0-SNAPSHOT-PR-3-1/" skaffold.yaml.new
sed -i -e "s/{{.GIT_COMMIT}}/3a0401907027cb7be94084a343fad81a945e3002/" skaffold.yaml.new
CGO_ENABLED=0 GOOS=linux GOARCH=amd64 GO15VENDOREXPERIMENT=1 go build -ldflags '' -o bin/croc-hunter-jenkinsx croc-hunter.go
[Pipeline] sh
+ export VERSION=0.0.0-SNAPSHOT-PR-3-1
+ skaffold build -f skaffold.yaml.new
time="2019-03-07T14:52:25Z" level=warning msg="config version (skaffold/v1beta1) out of date: upgrading to latest (skaffold/v1beta3)"
Starting build...
Building [changeme]...
Sending build context to Docker daemon  525.8kBSending build context to Docker daemon   6.99MB
Step 1/10 : FROM scratch
 ---> 
Step 2/10 : ARG GIT_SHA
 ---> Using cache
 ---> 4dcdeb8153f0
Step 3/10 : ARG WORKFLOW_RELEASE
 ---> Using cache
 ---> eff201aac8f3
Step 4/10 : ENV GIT_SHA $GIT_SHA
 ---> Running in 0878d18a669d
 ---> 42cfb747b56e
Step 5/10 : ENV WORKFLOW_RELEASE $WORKFLOW_RELEASE
 ---> Running in 2a7ff0180e72
 ---> 6d3aafddf2dd
Step 6/10 : ENV POWERED_BY Jenkins-X
 ---> Running in c31fc9d2e9f2
 ---> 2f860c8faa48
Step 7/10 : EXPOSE 8080
 ---> Running in 40417f708ad2
 ---> 01fb1cde9b12
Step 8/10 : ENTRYPOINT /croc-hunter-jenkinsx
 ---> Running in ea1625ba170e
 ---> 53818f0a24bc
Step 9/10 : COPY ./bin/ /
 ---> 061807f15350
Step 10/10 : COPY static/ static/
 ---> 6bfd32f6fa3d
Successfully built 6bfd32f6fa3d
The push refers to a repository [10.19.242.223:5000/carlossg/croc-hunter-jenkinsx]
93985818bdca: Preparing
3bfd938940dc: Preparing
93985818bdca: Pushed
3bfd938940dc: Pushed
0.0.0-SNAPSHOT-PR-3-1: digest: sha256:43cf2b20b9e43c2c8e62449992b1c1ed763f2975e28041559c2e2588ee03bd70 size: 738
Build complete in 2.729661462s
Starting test...
Test complete in 6.58µs
changeme -> 10.19.242.223:5000/carlossg/croc-hunter-jenkinsx:0.0.0-SNAPSHOT-PR-3-1
[Pipeline] sh
+ jx step validate --min-jx-version 1.2.36
[Pipeline] sh
+ jx step post build --image 10.19.242.223:5000/carlossg/croc-hunter-jenkinsx:0.0.0-SNAPSHOT-PR-3-1
[Pipeline] }
[Pipeline] // dir
[Pipeline] dir
Running in /home/jenkins/go/src/github.com/carlossg/croc-hunter-jenkinsx-serverless/charts/preview
[Pipeline] {
[Pipeline] sh
+ make preview
sed -i -e "s/version:.*/version: 0.0.0-SNAPSHOT-PR-3-1/" Chart.yaml
sed -i -e "s/version:.*/version: 0.0.0-SNAPSHOT-PR-3-1/" ../*/Chart.yaml
sed -i -e "s|repository: .*|repository: 10.19.242.223:5000\/carlossg\/golang-http|" values.yaml
sed -i -e "s/tag: .*/tag: 0.0.0-SNAPSHOT-PR-3-1/" values.yaml
echo "  version: 0.0.0-SNAPSHOT-PR-3-1" >> requirements.yaml
jx step helm build
No $CHART_REPOSITORY defined so using the default value of: http://jenkins-x-chartmuseum:8080
Adding missing Helm repo: jenkins-x http://chartmuseum.jenkins-x.io
Successfully added Helm repository jenkins-x.
Adding missing Helm repo: releases http://jenkins-x-chartmuseum:8080
Successfully added Helm repository releases.
Adding missing Helm repo: repo5 https://chartmuseum.build.cd.jenkins-x.io
Successfully added Helm repository repo5.
[Pipeline] sh
+ jx preview --app croc-hunter-jenkinsx --dir ../..
Creating a preview
Commit author email is empty for: 3a0401907027cb7be94084a343fad81a945e3002
Looking for commits in: /home/jenkins/go/src/github.com/carlossg/croc-hunter-jenkinsx-serverless/
Found commit author match for: Woap with email address: ibis@etu.unistra.fr
Created environment woap-croc-hunter-jenkinsx-serverless-pr-3
Namespace jx-woap-croc-hunter-jenkinsx-serverless-pr-3 created 
 expose:
  Annotations:
    helm.sh/hook: post-install,post-upgrade
    helm.sh/hook-delete-policy: hook-succeeded
  config:
    domain: 34.76.128.72.nip.io
    exposer: Ingress
    http: "true"
preview:
  image:
    repository: 10.19.242.223:5000/carlossg/croc-hunter-jenkinsx
    tag: 0.0.0-SNAPSHOT-PR-3-1
Failed to update PipelineActivities woap-croc-hunter-jenkinsx-serverless-pr-3-1: the namespace of the object (jx-woap-croc-hunter-jenkinsx-serverless-pr-3) does not match the namespace on the request (jx)
Preview application is now available at: http://croc-hunter-jenkinsx.jx-woap-croc-hunter-jenkinsx-serverless-pr-3.34.76.128.72.nip.io

[Pipeline] }
[Pipeline] // dir
[Pipeline] }
[Pipeline] // withEnv
[Pipeline] }
[Pipeline] // stage
[Pipeline] stage
[Pipeline] { (Build Release)
Stage "Build Release" skipped due to when conditional
[Pipeline] }
[Pipeline] // stage
[Pipeline] stage
[Pipeline] { (Promote to Environments)
Stage "Promote to Environments" skipped due to when conditional
[Pipeline] }
[Pipeline] // stage
[Pipeline] }
[Pipeline] // withEnv
[Pipeline] }
[Pipeline] // withCredentials
[Pipeline] }
[Pipeline] // node
[Pipeline] End of Pipeline
Finished: SUCCESS
