Step: build-step-credential-initializer:

{"level":"warn","ts":1551971982.6256437,"logger":"fallback-logger","caller":"logging/config.go:65","msg":"Fetch GitHub commit ID from kodata failed: \"ref: refs/heads/test\" is not a valid GitHub commit ID"}
{"level":"info","ts":1551971982.6430814,"logger":"fallback-logger","caller":"creds-init/main.go:40","msg":"Credentials initialized."}
Step: build-step-git-source-0:

{"level":"warn","ts":1551971983.6919904,"logger":"fallback-logger","caller":"logging/config.go:65","msg":"Fetch GitHub commit ID from kodata failed: \"ref: refs/heads/test\" is not a valid GitHub commit ID"}
{"level":"info","ts":1551971985.2822669,"logger":"fallback-logger","caller":"git-init/main.go:92","msg":"Successfully cloned \"https://github.com/Woap/croc-hunter-jenkinsx-serverless.git\" @ \"5b29d194d34719b8f20c453802977467270111d1\" in path \"/workspace\""}
Step: build-step-jenkins:

Picked up _JAVA_OPTIONS: -Xmx400m
Started
Running in Durability level: PERFORMANCE_OPTIMIZED
  58.887 [id=20]	WARNING	i.f.k.c.i.VersionUsageUtils#alert: The client is using resource type 'customresourcedefinitions' with unstable version 'v1beta1'
[Pipeline] node
Running on Jenkins in /tmp/jenkinsTests.tmp/jenkins4676784575534712360test/workspace/job
[Pipeline] {
[Pipeline] stage
[Pipeline] { (Declarative: Checkout SCM)
[Pipeline] checkout
[Pipeline] }
[Pipeline] // stage
[Pipeline] withCredentials
[Pipeline] {
[Pipeline] withEnv
[Pipeline] {
[Pipeline] stage
[Pipeline] { (CI Build and push snapshot)
[Pipeline] withEnv
[Pipeline] {
[Pipeline] dir
Running in /home/jenkins/go/src/github.com/carlossg/croc-hunter-jenkinsx-serverless
[Pipeline] {
[Pipeline] checkout
[Pipeline] sh
+ make VERSION=0.0.0-SNAPSHOT-PR-3-4 GIT_COMMIT=5b29d194d34719b8f20c453802977467270111d1 linux
cp skaffold.yaml skaffold.yaml.new
sed -i -e "s/{{.VERSION}}/0.0.0-SNAPSHOT-PR-3-4/" skaffold.yaml.new
sed -i -e "s/{{.GIT_COMMIT}}/5b29d194d34719b8f20c453802977467270111d1/" skaffold.yaml.new
CGO_ENABLED=0 GOOS=linux GOARCH=amd64 GO15VENDOREXPERIMENT=1 go build -ldflags '' -o bin/croc-hunter-jenkinsx croc-hunter.go
[Pipeline] sh
+ export VERSION=0.0.0-SNAPSHOT-PR-3-4
+ skaffold build -f skaffold.yaml.new
time="2019-03-07T15:21:40Z" level=warning msg="config version (skaffold/v1beta1) out of date: upgrading to latest (skaffold/v1beta3)"
Starting build...
Building [changeme]...
Sending build context to Docker daemon  525.8kBSending build context to Docker daemon   6.99MB
Step 1/10 : FROM scratch
 ---> 
Step 2/10 : ARG GIT_SHA
 ---> Using cache
 ---> 4dcdeb8153f0
Step 3/10 : ARG WORKFLOW_RELEASE
 ---> Using cache
 ---> eff201aac8f3
Step 4/10 : ENV GIT_SHA $GIT_SHA
 ---> Running in da30b62ee9fe
 ---> 0c621ab459c4
Step 5/10 : ENV WORKFLOW_RELEASE $WORKFLOW_RELEASE
 ---> Running in 9a2f1cf9f14a
 ---> 8d4fc6133d29
Step 6/10 : ENV POWERED_BY Jenkins-X
 ---> Running in 240c421fb99f
 ---> c1b77252ff03
Step 7/10 : EXPOSE 8080
 ---> Running in eb3f8b3bb8b2
 ---> d9627eeda51c
Step 8/10 : ENTRYPOINT /croc-hunter-jenkinsx
 ---> Running in cbb525d709a0
 ---> 5c8585d6435a
Step 9/10 : COPY ./bin/ /
 ---> 66abdbd4e067
Step 10/10 : COPY static/ static/
 ---> dbae4fd0c975
Successfully built dbae4fd0c975
The push refers to a repository [10.19.242.223:5000/carlossg/croc-hunter-jenkinsx]
33793b9603fb: Preparing
14113281e19f: Preparing
33793b9603fb: Pushed
14113281e19f: Pushed
0.0.0-SNAPSHOT-PR-3-4: digest: sha256:79a1718bed486dd2598fd120d0a299426f5a89b77ed8927ec88a0c21731bdc45 size: 738
Build complete in 2.914244532s
Starting test...
Test complete in 6.158µs
changeme -> 10.19.242.223:5000/carlossg/croc-hunter-jenkinsx:0.0.0-SNAPSHOT-PR-3-4
[Pipeline] sh
+ jx step validate --min-jx-version 1.2.36
[Pipeline] sh
+ jx step post build --image 10.19.242.223:5000/carlossg/croc-hunter-jenkinsx:0.0.0-SNAPSHOT-PR-3-4
[Pipeline] }
[Pipeline] // dir
[Pipeline] dir
Running in /home/jenkins/go/src/github.com/carlossg/croc-hunter-jenkinsx-serverless/charts/preview
[Pipeline] {
[Pipeline] sh
+ make preview
sed -i -e "s/version:.*/version: 0.0.0-SNAPSHOT-PR-3-4/" Chart.yaml
sed -i -e "s/version:.*/version: 0.0.0-SNAPSHOT-PR-3-4/" ../*/Chart.yaml
sed -i -e "s|repository: .*|repository: 10.19.242.223:5000\/carlossg\/golang-http|" values.yaml
sed -i -e "s/tag: .*/tag: 0.0.0-SNAPSHOT-PR-3-4/" values.yaml
echo "  version: 0.0.0-SNAPSHOT-PR-3-4" >> requirements.yaml
jx step helm build
No $CHART_REPOSITORY defined so using the default value of: http://jenkins-x-chartmuseum:8080
Adding missing Helm repo: jenkins-x http://chartmuseum.jenkins-x.io
Successfully added Helm repository jenkins-x.
Adding missing Helm repo: releases http://jenkins-x-chartmuseum:8080
Successfully added Helm repository releases.
Adding missing Helm repo: repo5 https://chartmuseum.build.cd.jenkins-x.io
Successfully added Helm repository repo5.
[Pipeline] sh
+ jx preview --app croc-hunter-jenkinsx --dir ../..
Creating a preview
Commit author email is empty for: 3a0401907027cb7be94084a343fad81a945e3002
Looking for commits in: /home/jenkins/go/src/github.com/carlossg/croc-hunter-jenkinsx-serverless/
Commit not found: 3a0401907027cb7be94084a343fad81a945e3002
Commit author email is empty for: 9e09bed04665de6044d368036f387d0c092784a5
Looking for commits in: /home/jenkins/go/src/github.com/carlossg/croc-hunter-jenkinsx-serverless/
Commit not found: 9e09bed04665de6044d368036f387d0c092784a5
Commit author email is empty for: 8542a98fc3366fc36434810932754b4a149a7f51
Looking for commits in: /home/jenkins/go/src/github.com/carlossg/croc-hunter-jenkinsx-serverless/
Commit not found: 8542a98fc3366fc36434810932754b4a149a7f51
Commit author email is empty for: 5b29d194d34719b8f20c453802977467270111d1
Looking for commits in: /home/jenkins/go/src/github.com/carlossg/croc-hunter-jenkinsx-serverless/
Found commit author match for: Woap with email address: ibis@etu.unistra.fr
expose:
  Annotations:
    helm.sh/hook: post-install,post-upgrade
    helm.sh/hook-delete-policy: hook-succeeded
  config:
    domain: 34.76.128.72.nip.io
    exposer: Ingress
    http: "true"
preview:
  image:
    repository: 10.19.242.223:5000/carlossg/croc-hunter-jenkinsx
    tag: 0.0.0-SNAPSHOT-PR-3-4
Failed to update PipelineActivities woap-croc-hunter-jenkinsx-serverless-pr-3-4: the namespace of the object (jx-woap-croc-hunter-jenkinsx-serverless-pr-3) does not match the namespace on the request (jx)
Preview application is now available at: http://croc-hunter-jenkinsx.jx-woap-croc-hunter-jenkinsx-serverless-pr-3.34.76.128.72.nip.io

[Pipeline] }
[Pipeline] // dir
[Pipeline] }
[Pipeline] // withEnv
[Pipeline] }
[Pipeline] // stage
[Pipeline] stage
[Pipeline] { (Build Release)
Stage "Build Release" skipped due to when conditional
[Pipeline] }
[Pipeline] // stage
[Pipeline] stage
[Pipeline] { (Promote to Environments)
Stage "Promote to Environments" skipped due to when conditional
[Pipeline] }
[Pipeline] // stage
[Pipeline] }
[Pipeline] // withEnv
[Pipeline] }
[Pipeline] // withCredentials
[Pipeline] }
[Pipeline] // node
[Pipeline] End of Pipeline
