Step: build-step-credential-initializer:

{"level":"warn","ts":1551964333.8929257,"logger":"fallback-logger","caller":"logging/config.go:65","msg":"Fetch GitHub commit ID from kodata failed: \"ref: refs/heads/test\" is not a valid GitHub commit ID"}
{"level":"info","ts":1551964333.8975546,"logger":"fallback-logger","caller":"creds-init/main.go:40","msg":"Credentials initialized."}
Step: build-step-git-source-0:

{"level":"warn","ts":1551964335.9357557,"logger":"fallback-logger","caller":"logging/config.go:65","msg":"Fetch GitHub commit ID from kodata failed: \"ref: refs/heads/test\" is not a valid GitHub commit ID"}
{"level":"info","ts":1551964337.0420716,"logger":"fallback-logger","caller":"git-init/main.go:92","msg":"Successfully cloned \"https://github.com/Woap/serverless-jenkins-demo.git\" @ \"master\" in path \"/workspace\""}
Step: build-step-jenkins:

Picked up _JAVA_OPTIONS: -Xmx400m
Started
Running in Durability level: PERFORMANCE_OPTIMIZED
  23.884 [id=37]	WARNING	i.f.k.c.i.VersionUsageUtils#alert: The client is using resource type 'customresourcedefinitions' with unstable version 'v1beta1'
[Pipeline] node
Running on Jenkins in /tmp/jenkinsTests.tmp/jenkins1494073466419513542test/workspace/job
[Pipeline] {
[Pipeline] stage
[Pipeline] { (Declarative: Checkout SCM)
[Pipeline] checkout
[Pipeline] }
[Pipeline] // stage
[Pipeline] withCredentials
[Pipeline] {
[Pipeline] withEnv
[Pipeline] {
[Pipeline] stage
[Pipeline] { (CI Build and push snapshot)
Stage "CI Build and push snapshot" skipped due to when conditional
[Pipeline] }
[Pipeline] // stage
[Pipeline] stage
[Pipeline] { (Build Release)
[Pipeline] dir
Running in /home/jenkins/go/src/github.com/woap/serverless-jenkins-demo
[Pipeline] {
[Pipeline] git
Cloning the remote Git repository
Cloning repository https://github.com/woap/serverless-jenkins-demo.git
 > git init /home/jenkins/go/src/github.com/woap/serverless-jenkins-demo # timeout=10
Fetching upstream changes from https://github.com/woap/serverless-jenkins-demo.git
 > git --version # timeout=10
 > git fetch --tags --progress https://github.com/woap/serverless-jenkins-demo.git +refs/heads/*:refs/remotes/origin/*
 > git config remote.origin.url https://github.com/woap/serverless-jenkins-demo.git # timeout=10
 > git config --add remote.origin.fetch +refs/heads/*:refs/remotes/origin/* # timeout=10
 > git config remote.origin.url https://github.com/woap/serverless-jenkins-demo.git # timeout=10
Fetching upstream changes from https://github.com/woap/serverless-jenkins-demo.git
 > git fetch --tags --progress https://github.com/woap/serverless-jenkins-demo.git +refs/heads/*:refs/remotes/origin/*
 > git rev-parse refs/remotes/origin/master^{commit} # timeout=10
 > git rev-parse refs/remotes/origin/origin/master^{commit} # timeout=10
Checking out Revision f9b6e974588f74bd46af7504db596bf8a714938d (refs/remotes/origin/master)
 > git config core.sparsecheckout # timeout=10
 > git checkout -f f9b6e974588f74bd46af7504db596bf8a714938d
 > git branch -a -v --no-abbrev # timeout=10
 > git checkout -b master f9b6e974588f74bd46af7504db596bf8a714938d
Commit message: "Draft create"
First time build. Skipping changelog.
[Pipeline] sh
+ jx-release-version
+ echo 0.0.1
[Pipeline] sh
+ cat VERSION
+ jx step tag --version 0.0.1
Tag v0.0.1 created and pushed to remote origin
[Pipeline] sh
+ make build
CGO_ENABLED=0 GO15VENDOREXPERIMENT=1 go build -ldflags '' -o bin/serverless-jenkins-demo main.go
[Pipeline] sh
+ cat VERSION
+ export VERSION=0.0.1
+ skaffold build -f skaffold.yaml
time="2019-03-07T13:15:22Z" level=warning msg="config version (skaffold/v1beta2) out of date: upgrading to latest (skaffold/v1beta3)"
Starting build...
Building [changeme]...
Sending build context to Docker daemon  525.8kBSending build context to Docker daemon  6.502MB
Step 1/4 : FROM scratch
 ---> 
Step 2/4 : EXPOSE 8080
 ---> Using cache
 ---> a2f0be503799
Step 3/4 : ENTRYPOINT /serverless-jenkins-demo
 ---> Using cache
 ---> e80d5ce017f4
Step 4/4 : COPY ./bin/ /
 ---> 9c6d354e27ec
Successfully built 9c6d354e27ec
The push refers to a repository [10.19.242.223:5000/woap/serverless-jenkins-demo]
e9c9093a91f7: Preparing
e9c9093a91f7: Pushed
0.0.1: digest: sha256:5e166dddc9ddc46c90738e242f387f22a49cca2e34c328299d6d5b10a2a15f4f size: 528
Build complete in 1.018745874s
Starting test...
Test complete in 6.8µs
changeme -> 10.19.242.223:5000/woap/serverless-jenkins-demo:0.0.1
There is a new version (0.24.0) of skaffold available. Download it at https://storage.googleapis.com/skaffold/releases/latest/skaffold-linux-amd64

[Pipeline] sh
+ cat VERSION
+ jx step post build --image 10.19.242.223:5000/woap/serverless-jenkins-demo:0.0.1
[Pipeline] }
[Pipeline] // dir
[Pipeline] }
[Pipeline] // stage
[Pipeline] stage
[Pipeline] { (Promote to Environments)
[Pipeline] dir
Running in /home/jenkins/go/src/github.com/woap/serverless-jenkins-demo/charts/serverless-jenkins-demo
[Pipeline] {
[Pipeline] sh
+ cat ../../VERSION
+ jx step changelog --version v0.0.1
Using batch mode as inside a pipeline
Generating change log from git ref f9b6e974588f74bd46af7504db596bf8a714938d => ab598f5bcd12b7cda5f81656a7a11140b9248e3e
Failed to enrich commits with issues: User.jenkins.io "" is invalid: metadata.name: Required value: name or generateName is required
Failed to enrich commits with issues: User.jenkins.io "" is invalid: metadata.name: Required value: name or generateName is required
Finding issues in commit messages using git format
No release found for woap/serverless-jenkins-demo and tag v0.0.1 so creating a new release
Updated the release information at https://github.com/woap/serverless-jenkins-demo/releases/tag/v0.0.1
generated: /home/jenkins/go/src/github.com/woap/serverless-jenkins-demo/charts/serverless-jenkins-demo/templates/release.yaml
Created Release serverless-jenkins-demo-0-0-1 resource in namespace jx
Updating PipelineActivity woap-serverless-jenkins-demo-master-1 with version 0.0.1
Updated PipelineActivities woap-serverless-jenkins-demo-master-1 with release notes URL: https://github.com/woap/serverless-jenkins-demo/releases/tag/v0.0.1
[Pipeline] sh
+ jx step helm release
No $CHART_REPOSITORY defined so using the default value of: http://jenkins-x-chartmuseum:8080
Adding missing Helm repo: jenkins-x http://chartmuseum.jenkins-x.io
Successfully added Helm repository jenkins-x.
Adding missing Helm repo: releases http://jenkins-x-chartmuseum:8080
Successfully added Helm repository releases.
No $CHART_REPOSITORY defined so using the default value of: http://jenkins-x-chartmuseum:8080
Uploading chart file serverless-jenkins-demo-0.0.1.tgz to http://jenkins-x-chartmuseum:8080/api/charts
Received 201 response: {"saved":true}
[Pipeline] sh
+ cat ../../VERSION
+ jx promote -b --all-auto --timeout 1h --version 0.0.1
prow based install so skip waiting for the merge of Pull Requests to go green as currently there is an issue with gettingstatuses from the PR, see https://github.com/jenkins-x/jx/issues/2410
Promoting app serverless-jenkins-demo version 0.0.1 to namespace jx-staging
Created Pull Request: https://github.com/Woap/environment-howlerglacier-staging/pull/1

Pull Request https://github.com/Woap/environment-howlerglacier-staging/pull/1 is merged at sha 7db1044a57d1fa538497fd24a7d178bff2c978e4
Pull Request merged but we are not waiting for the update pipeline to complete!
Could not find the service URL in namespace jx-staging for names serverless-jenkins-demo, jx-serverless-jenkins-demo, jx-staging-serverless-jenkins-demo
[Pipeline] }
[Pipeline] // dir
[Pipeline] }
[Pipeline] // stage
[Pipeline] }
[Pipeline] // withEnv
[Pipeline] }
[Pipeline] // withCredentials
[Pipeline] }
[Pipeline] // node
[Pipeline] End of Pipeline
Finished: SUCCESS
