Step: build-step-credential-initializer:

{"level":"warn","ts":1551969315.9965947,"logger":"fallback-logger","caller":"logging/config.go:65","msg":"Fetch GitHub commit ID from kodata failed: \"ref: refs/heads/test\" is not a valid GitHub commit ID"}
{"level":"info","ts":1551969315.9970741,"logger":"fallback-logger","caller":"creds-init/main.go:40","msg":"Credentials initialized."}
Step: build-step-git-source-0:

{"level":"warn","ts":1551969316.7305164,"logger":"fallback-logger","caller":"logging/config.go:65","msg":"Fetch GitHub commit ID from kodata failed: \"ref: refs/heads/test\" is not a valid GitHub commit ID"}
{"level":"info","ts":1551969318.1875443,"logger":"fallback-logger","caller":"git-init/main.go:92","msg":"Successfully cloned \"https://github.com/Woap/croc-hunter-jenkinsx-serverless.git\" @ \"51e4f5ec89cc0ef000b39b7bcbbd74b9c71b267f\" in path \"/workspace\""}
Step: build-step-jenkins:

Picked up _JAVA_OPTIONS: -Xmx400m
Started
Running in Durability level: PERFORMANCE_OPTIMIZED
  14.819 [id=20]	WARNING	i.f.k.c.i.VersionUsageUtils#alert: The client is using resource type 'customresourcedefinitions' with unstable version 'v1beta1'
[Pipeline] node
Running on Jenkins in /tmp/jenkinsTests.tmp/jenkins5017030004443720454test/workspace/job
[Pipeline] {
[Pipeline] stage
[Pipeline] { (Declarative: Checkout SCM)
[Pipeline] checkout
[Pipeline] }
[Pipeline] // stage
[Pipeline] withCredentials
[Pipeline] {
[Pipeline] withEnv
[Pipeline] {
[Pipeline] stage
[Pipeline] { (CI Build and push snapshot)
[Pipeline] withEnv
[Pipeline] {
[Pipeline] dir
Running in /home/jenkins/go/src/github.com/carlossg/croc-hunter-jenkinsx-serverless
[Pipeline] {
[Pipeline] checkout
[Pipeline] sh
+ make VERSION=0.0.0-SNAPSHOT-PR-2-1 GIT_COMMIT=51e4f5ec89cc0ef000b39b7bcbbd74b9c71b267f linux
cp skaffold.yaml skaffold.yaml.new
sed -i -e "s/{{.VERSION}}/0.0.0-SNAPSHOT-PR-2-1/" skaffold.yaml.new
sed -i -e "s/{{.GIT_COMMIT}}/51e4f5ec89cc0ef000b39b7bcbbd74b9c71b267f/" skaffold.yaml.new
CGO_ENABLED=0 GOOS=linux GOARCH=amd64 GO15VENDOREXPERIMENT=1 go build -ldflags '' -o bin/croc-hunter-jenkinsx croc-hunter.go
[Pipeline] sh
+ export VERSION=0.0.0-SNAPSHOT-PR-2-1
+ skaffold build -f skaffold.yaml.new
time="2019-03-07T14:35:51Z" level=warning msg="config version (skaffold/v1beta1) out of date: upgrading to latest (skaffold/v1beta3)"
Starting build...
Building [changeme]...
Sending build context to Docker daemon  525.8kBSending build context to Docker daemon   6.99MB
Step 1/10 : FROM scratch
 ---> 
Step 2/10 : ARG GIT_SHA
 ---> Using cache
 ---> 4dcdeb8153f0
Step 3/10 : ARG WORKFLOW_RELEASE
 ---> Using cache
 ---> eff201aac8f3
Step 4/10 : ENV GIT_SHA $GIT_SHA
 ---> Running in 946ef52e8e45
 ---> 16c05f744f09
Step 5/10 : ENV WORKFLOW_RELEASE $WORKFLOW_RELEASE
 ---> Running in 6967eac7f0f5
 ---> 60d8e20b3233
Step 6/10 : ENV POWERED_BY Jenkins-X
 ---> Running in 8fa5037bfccb
 ---> cc0b6aab3a34
Step 7/10 : EXPOSE 8080
 ---> Running in 610a14391d8d
 ---> c3a3230606bf
Step 8/10 : ENTRYPOINT /croc-hunter-jenkinsx
 ---> Running in bce7ef7bad34
 ---> 57f5e1f0592e
Step 9/10 : COPY ./bin/ /
 ---> a4e33ae85d18
Step 10/10 : COPY static/ static/
 ---> 760a79e681c7
Successfully built 760a79e681c7
The push refers to a repository [10.19.242.223:5000/carlossg/croc-hunter-jenkinsx]
667147c5adcd: Preparing
3071d6e479ff: Preparing
667147c5adcd: Pushed
3071d6e479ff: Pushed
0.0.0-SNAPSHOT-PR-2-1: digest: sha256:a564acff6346cbe7a2d5d22c5904de6f26cb1c0f540bb2ae1c83688f501b671e size: 738
Build complete in 2.057740213s
Starting test...
Test complete in 7.115µs
changeme -> 10.19.242.223:5000/carlossg/croc-hunter-jenkinsx:0.0.0-SNAPSHOT-PR-2-1
[Pipeline] sh
+ jx step validate --min-jx-version 1.2.36
[Pipeline] sh
+ jx step post build --image 10.19.242.223:5000/carlossg/croc-hunter-jenkinsx:0.0.0-SNAPSHOT-PR-2-1
[Pipeline] }
[Pipeline] // dir
[Pipeline] dir
Running in /home/jenkins/go/src/github.com/carlossg/croc-hunter-jenkinsx-serverless/charts/preview
[Pipeline] {
[Pipeline] sh
+ make preview
sed -i -e "s/version:.*/version: 0.0.0-SNAPSHOT-PR-2-1/" Chart.yaml
sed -i -e "s/version:.*/version: 0.0.0-SNAPSHOT-PR-2-1/" ../*/Chart.yaml
sed -i -e "s|repository: .*|repository: 10.19.242.223:5000\/carlossg\/golang-http|" values.yaml
sed -i -e "s/tag: .*/tag: 0.0.0-SNAPSHOT-PR-2-1/" values.yaml
echo "  version: 0.0.0-SNAPSHOT-PR-2-1" >> requirements.yaml
jx step helm build
No $CHART_REPOSITORY defined so using the default value of: http://jenkins-x-chartmuseum:8080
Adding missing Helm repo: jenkins-x http://chartmuseum.jenkins-x.io
Successfully added Helm repository jenkins-x.
Adding missing Helm repo: releases http://jenkins-x-chartmuseum:8080
Successfully added Helm repository releases.
Adding missing Helm repo: repo5 https://chartmuseum.build.cd.jenkins-x.io
Successfully added Helm repository repo5.
[Pipeline] sh
+ jx preview --app croc-hunter-jenkinsx --dir ../..
Creating a preview
Commit author email is empty for: 51e4f5ec89cc0ef000b39b7bcbbd74b9c71b267f
Looking for commits in: /home/jenkins/go/src/github.com/carlossg/croc-hunter-jenkinsx-serverless/
Found commit author match for: Woap with email address: ibis@etu.unistra.fr
Created environment woap-croc-hunter-jenkinsx-serverless-pr-2
Namespace jx-woap-croc-hunter-jenkinsx-serverless-pr-2 created 
 expose:
  Annotations:
    helm.sh/hook: post-install,post-upgrade
    helm.sh/hook-delete-policy: hook-succeeded
  config:
    domain: 34.76.128.72.nip.io
    exposer: Ingress
    http: "true"
preview:
  image:
    repository: 10.19.242.223:5000/carlossg/croc-hunter-jenkinsx
    tag: 0.0.0-SNAPSHOT-PR-2-1
Failed to update PipelineActivities woap-croc-hunter-jenkinsx-serverless-pr-2-1: the namespace of the object (jx-woap-croc-hunter-jenkinsx-serverless-pr-2) does not match the namespace on the request (jx)
Preview application is now available at: http://croc-hunter-jenkinsx.jx-woap-croc-hunter-jenkinsx-serverless-pr-2.34.76.128.72.nip.io

[Pipeline] }
[Pipeline] // dir
[Pipeline] }
[Pipeline] // withEnv
[Pipeline] }
[Pipeline] // stage
[Pipeline] stage
[Pipeline] { (Build Release)
Stage "Build Release" skipped due to when conditional
[Pipeline] }
[Pipeline] // stage
[Pipeline] stage
[Pipeline] { (Promote to Environments)
Stage "Promote to Environments" skipped due to when conditional
[Pipeline] }
[Pipeline] // stage
[Pipeline] }
[Pipeline] // withEnv
[Pipeline] }
[Pipeline] // withCredentials
[Pipeline] }
[Pipeline] // node
[Pipeline] End of Pipeline
Finished: SUCCESS
