Step: build-step-credential-initializer:

{"level":"warn","ts":1551967277.5627644,"logger":"fallback-logger","caller":"logging/config.go:65","msg":"Fetch GitHub commit ID from kodata failed: \"ref: refs/heads/test\" is not a valid GitHub commit ID"}
{"level":"info","ts":1551967277.5632696,"logger":"fallback-logger","caller":"creds-init/main.go:40","msg":"Credentials initialized."}
Step: build-step-git-source-0:

{"level":"warn","ts":1551967278.1825907,"logger":"fallback-logger","caller":"logging/config.go:65","msg":"Fetch GitHub commit ID from kodata failed: \"ref: refs/heads/test\" is not a valid GitHub commit ID"}
{"level":"info","ts":1551967279.6075153,"logger":"fallback-logger","caller":"git-init/main.go:92","msg":"Successfully cloned \"https://github.com/Woap/croc-hunter-jenkinsx-serverless.git\" @ \"ff25b0ee590de5c4fdf7d66d8a6ae46aaa4350a9\" in path \"/workspace\""}
Step: build-step-jenkins:

Picked up _JAVA_OPTIONS: -Xmx400m
Started
Running in Durability level: PERFORMANCE_OPTIMIZED
  16.613 [id=36]	WARNING	i.f.k.c.i.VersionUsageUtils#alert: The client is using resource type 'customresourcedefinitions' with unstable version 'v1beta1'
[Pipeline] node
Running on Jenkins in /tmp/jenkinsTests.tmp/jenkins483494505092715778test/workspace/job
[Pipeline] {
[Pipeline] stage
[Pipeline] { (Declarative: Checkout SCM)
[Pipeline] checkout
[Pipeline] }
[Pipeline] // stage
[Pipeline] withCredentials
[Pipeline] {
[Pipeline] withEnv
[Pipeline] {
[Pipeline] stage
[Pipeline] { (CI Build and push snapshot)
[Pipeline] withEnv
[Pipeline] {
[Pipeline] dir
Running in /home/jenkins/go/src/github.com/carlossg/croc-hunter-jenkinsx-serverless
[Pipeline] {
[Pipeline] checkout
[Pipeline] sh
+ make VERSION=0.0.0-SNAPSHOT-PR-1-1 GIT_COMMIT=ff25b0ee590de5c4fdf7d66d8a6ae46aaa4350a9 linux
cp skaffold.yaml skaffold.yaml.new
sed -i -e "s/{{.VERSION}}/0.0.0-SNAPSHOT-PR-1-1/" skaffold.yaml.new
sed -i -e "s/{{.GIT_COMMIT}}/ff25b0ee590de5c4fdf7d66d8a6ae46aaa4350a9/" skaffold.yaml.new
CGO_ENABLED=0 GOOS=linux GOARCH=amd64 GO15VENDOREXPERIMENT=1 go build -ldflags '' -o bin/croc-hunter-jenkinsx croc-hunter.go
[Pipeline] sh
+ export VERSION=0.0.0-SNAPSHOT-PR-1-1
+ skaffold build -f skaffold.yaml.new
time="2019-03-07T14:01:55Z" level=warning msg="config version (skaffold/v1beta1) out of date: upgrading to latest (skaffold/v1beta3)"
Starting build...
Building [changeme]...
Sending build context to Docker daemon  525.8kBSending build context to Docker daemon   6.99MB
Step 1/10 : FROM scratch
 ---> 
Step 2/10 : ARG GIT_SHA
 ---> Using cache
 ---> 4dcdeb8153f0
Step 3/10 : ARG WORKFLOW_RELEASE
 ---> Using cache
 ---> eff201aac8f3
Step 4/10 : ENV GIT_SHA $GIT_SHA
 ---> Running in 85dea54d9fbc
 ---> 87a0a85e622c
Step 5/10 : ENV WORKFLOW_RELEASE $WORKFLOW_RELEASE
 ---> Running in 86bebffee0f2
 ---> a0aa61205044
Step 6/10 : ENV POWERED_BY Jenkins-X
 ---> Running in 0212de58c3f3
 ---> 0480369cd22b
Step 7/10 : EXPOSE 8080
 ---> Running in 4b71feebc1b6
 ---> 8d398a66259a
Step 8/10 : ENTRYPOINT /croc-hunter-jenkinsx
 ---> Running in 7fa18c34e655
 ---> 868a85869791
Step 9/10 : COPY ./bin/ /
 ---> ea3aa5ed081a
Step 10/10 : COPY static/ static/
 ---> ef2429ece6d0
Successfully built ef2429ece6d0
The push refers to a repository [10.19.242.223:5000/carlossg/croc-hunter-jenkinsx]
3b714907143b: Preparing
0da6bfe15be9: Preparing
3b714907143b: Pushed
0da6bfe15be9: Pushed
0.0.0-SNAPSHOT-PR-1-1: digest: sha256:52d2bfa9f499a31e4e49d8459b4d1873192de21c4f9f1a838104bda0943627a8 size: 738
Build complete in 2.047276633s
Starting test...
Test complete in 6.869µs
changeme -> 10.19.242.223:5000/carlossg/croc-hunter-jenkinsx:0.0.0-SNAPSHOT-PR-1-1
[Pipeline] sh
+ jx step validate --min-jx-version 1.2.36
[Pipeline] sh
+ jx step post build --image 10.19.242.223:5000/carlossg/croc-hunter-jenkinsx:0.0.0-SNAPSHOT-PR-1-1
[Pipeline] }
[Pipeline] // dir
[Pipeline] dir
Running in /home/jenkins/go/src/github.com/carlossg/croc-hunter-jenkinsx-serverless/charts/preview
[Pipeline] {
[Pipeline] sh
+ make preview
sed -i -e "s/version:.*/version: 0.0.0-SNAPSHOT-PR-1-1/" Chart.yaml
sed -i -e "s/version:.*/version: 0.0.0-SNAPSHOT-PR-1-1/" ../*/Chart.yaml
sed -i -e "s|repository: .*|repository: 10.19.242.223:5000\/carlossg\/golang-http|" values.yaml
sed -i -e "s/tag: .*/tag: 0.0.0-SNAPSHOT-PR-1-1/" values.yaml
echo "  version: 0.0.0-SNAPSHOT-PR-1-1" >> requirements.yaml
jx step helm build
No $CHART_REPOSITORY defined so using the default value of: http://jenkins-x-chartmuseum:8080
Adding missing Helm repo: jenkins-x http://chartmuseum.jenkins-x.io
Successfully added Helm repository jenkins-x.
Adding missing Helm repo: releases http://jenkins-x-chartmuseum:8080
Successfully added Helm repository releases.
Adding missing Helm repo: repo5 https://chartmuseum.build.cd.jenkins-x.io
Successfully added Helm repository repo5.
[Pipeline] sh
+ jx preview --app croc-hunter-jenkinsx --dir ../..
Creating a preview
Commit author email is empty for: ff25b0ee590de5c4fdf7d66d8a6ae46aaa4350a9
Looking for commits in: /home/jenkins/go/src/github.com/carlossg/croc-hunter-jenkinsx-serverless/
Found commit author match for: Woap with email address: ibis@etu.unistra.fr
Created environment woap-croc-hunter-jenkinsx-serverless-pr-1
Namespace jx-woap-croc-hunter-jenkinsx-serverless-pr-1 created 
 expose:
  Annotations:
    helm.sh/hook: post-install,post-upgrade
    helm.sh/hook-delete-policy: hook-succeeded
  config:
    domain: 34.76.128.72.nip.io
    exposer: Ingress
    http: "true"
preview:
  image:
    repository: 10.19.242.223:5000/carlossg/croc-hunter-jenkinsx
    tag: 0.0.0-SNAPSHOT-PR-1-1
Failed to update PipelineActivities woap-croc-hunter-jenkinsx-serverless-pr-1-1: the namespace of the object (jx-woap-croc-hunter-jenkinsx-serverless-pr-1) does not match the namespace on the request (jx)
Preview application is now available at: http://croc-hunter-jenkinsx.jx-woap-croc-hunter-jenkinsx-serverless-pr-1.34.76.128.72.nip.io

[Pipeline] }
[Pipeline] // dir
[Pipeline] }
[Pipeline] // withEnv
[Pipeline] }
[Pipeline] // stage
[Pipeline] stage
[Pipeline] { (Build Release)
Stage "Build Release" skipped due to when conditional
[Pipeline] }
[Pipeline] // stage
[Pipeline] stage
[Pipeline] { (Promote to Environments)
Stage "Promote to Environments" skipped due to when conditional
[Pipeline] }
[Pipeline] // stage
[Pipeline] }
[Pipeline] // withEnv
[Pipeline] }
[Pipeline] // withCredentials
[Pipeline] }
[Pipeline] // node
[Pipeline] End of Pipeline
Finished: SUCCESS
